Base path: /Applications/Unity/Unity.app/Contents
Pipe name: \\.\pipe\UnityShaderCompiler-1--1584676440
Cmd: getPlatforms
Cmd: preprocess
  insize=1254 outsize=500 ok=1
Cmd: compileSnippet
  error: 2 plat 0 at (49): expression left of ."Color" is not a struct or array
  api=0 type=0 insize=1053 outsize=0 kw= ok=0
Cmd: preprocess
  insize=1254 outsize=500 ok=1
Cmd: compileSnippet
  api=0 type=0 insize=1053 outsize=380 kw= ok=1
Cmd: compileSnippet
  api=0 type=1 insize=1053 outsize=196 kw= ok=1
Cmd: preprocess
  insize=1329 outsize=500 ok=1
Cmd: compileSnippet
  api=0 type=0 insize=1128 outsize=1702 kw= ok=1
Cmd: compileSnippet
  api=0 type=1 insize=1128 outsize=196 kw= ok=1
Cmd: preprocess
  insize=1333 outsize=500 ok=1
Cmd: compileSnippet
  api=0 type=0 insize=1132 outsize=1729 kw= ok=1
Cmd: compileSnippet
  api=0 type=1 insize=1132 outsize=196 kw= ok=1
Cmd: preprocess
  error: 2 plat 12 at (17): Surface shader function 'surf' has 1 parameters; needs to have 2
  insize=1279 outsize=603 ok=0
Cmd: preprocess
  error: 2 plat 12 at (16): Surface shader function 'surf' has 1 parameters; needs to have 2
  insize=890 outsize=582 ok=0
Cmd: preprocess
  error: 2 plat 1 at (33): function "surf" has no return statement
  error: 2 plat 1 at (48): syntax error, unexpected ',' at token "," type name expected at token ","
  error: 1 plat 1 at (48): unrecognized profile specifier "surfIN" unrecognized profile specifier "Input"
  insize=959 outsize=91732 ok=0
Cmd: preprocess
  error: 2 plat 1 at (48): syntax error, unexpected ',' at token "," type name expected at token ","
  error: 1 plat 1 at (48): unrecognized profile specifier "surfIN" unrecognized profile specifier "Input"
  insize=957 outsize=91730 ok=0
Cmd: preprocess
  error: 2 plat 1 at (48): syntax error, unexpected ',' at token "," type name expected at token ","
  error: 1 plat 1 at (48): unrecognized profile specifier "surfIN" unrecognized profile specifier "Input"
  insize=949 outsize=91722 ok=0
Cmd: preprocess
  error: 2 plat 1 at (48): syntax error, unexpected ',' at token "," type name expected at token ","
  error: 1 plat 1 at (48): unrecognized profile specifier "surfIN" unrecognized profile specifier "Input"
  insize=959 outsize=91732 ok=0
Cmd: preprocess
  insize=559 outsize=982 ok=1
Cmd: compileSnippet
  api=0 type=0 insize=4310 outsize=919 kw=DIRECTIONAL LIGHTMAP_OFF DIRLIGHTMAP_OFF ok=1
Cmd: compileSnippet
  api=0 type=1 insize=4310 outsize=378 kw=DIRECTIONAL LIGHTMAP_OFF DIRLIGHTMAP_OFF ok=1
Cmd: compileSnippet
  api=0 type=0 insize=2268 outsize=817 kw=POINT ok=1
Cmd: compileSnippet
  api=0 type=1 insize=2268 outsize=549 kw=POINT ok=1
Cmd: preprocess
  insize=560 outsize=983 ok=1
Cmd: compileSnippet
  api=0 type=0 insize=4310 outsize=1566 kw=DIRECTIONAL LIGHTMAP_OFF DIRLIGHTMAP_OFF VERTEXLIGHT_ON ok=1
Cmd: preprocess
  insize=552 outsize=975 ok=1
Cmd: preprocess
  insize=1333 outsize=500 ok=1
Cmd: preprocess
  insize=1333 outsize=500 ok=1
Cmd: compileSnippet
  api=0 type=0 insize=1132 outsize=1729 kw= ok=1
Cmd: compileSnippet
  api=0 type=1 insize=1132 outsize=196 kw= ok=1
Cmd: preprocess
  insize=1329 outsize=500 ok=1
Cmd: preprocess
  insize=1442 outsize=613 ok=1
Cmd: compileSnippet
  api=0 type=0 insize=1128 outsize=1702 kw= ok=1
Cmd: compileSnippet
  api=0 type=1 insize=1128 outsize=196 kw= ok=1
Cmd: compileSnippet
  api=5 type=0 insize=1128 outsize=2660 kw= ok=1
Cmd: compileSnippet
  api=5 type=1 insize=1128 outsize=6 kw= ok=1
Cmd: preprocess
  insize=1471 outsize=642 ok=1
Cmd: compileSnippet
  api=0 type=0 insize=1128 outsize=1702 kw= ok=1
Cmd: compileSnippet
  api=0 type=1 insize=1128 outsize=196 kw= ok=1
Cmd: preprocess
  insize=1532 outsize=641 ok=1
Cmd: compileSnippet
  error: 2 plat 0 at (52): undefined variable "Object2World" unable to find compatible overloaded function "mul(error, float4)"
  api=0 type=0 insize=1189 outsize=0 kw= ok=0
Cmd: preprocess
  insize=1533 outsize=642 ok=1
Cmd: compileSnippet
  api=0 type=0 insize=1190 outsize=1824 kw= ok=1
Cmd: compileSnippet
  api=0 type=1 insize=1190 outsize=196 kw= ok=1
Cmd: preprocess
  insize=1547 outsize=641 ok=1
Cmd: compileSnippet
  api=0 type=0 insize=1204 outsize=1824 kw= ok=1
Cmd: compileSnippet
  api=0 type=1 insize=1204 outsize=196 kw= ok=1
Cmd: compileSnippet
  api=5 type=0 insize=1204 outsize=2712 kw= ok=1
Cmd: compileSnippet
  api=5 type=1 insize=1204 outsize=6 kw= ok=1
